{"/home/grzegorz/isa/10-js/20190414-jest/myjest/sum.js": {"path":"/home/grzegorz/isa/10-js/20190414-jest/myjest/sum.js","statementMap":{"0":{"start":{"line":6,"column":4},"end":{"line":8,"column":5}},"1":{"start":{"line":7,"column":8},"end":{"line":7,"column":14}},"2":{"start":{"line":9,"column":4},"end":{"line":11,"column":5}},"3":{"start":{"line":10,"column":8},"end":{"line":10,"column":14}},"4":{"start":{"line":13,"column":4},"end":{"line":13,"column":45}},"5":{"start":{"line":17,"column":0},"end":{"line":17,"column":20}}},"fnMap":{"0":{"name":"sum","decl":{"start":{"line":1,"column":9},"end":{"line":1,"column":12}},"loc":{"start":{"line":1,"column":19},"end":{"line":14,"column":1}},"line":1}},"branchMap":{"0":{"loc":{"start":{"line":6,"column":4},"end":{"line":8,"column":5}},"type":"if","locations":[{"start":{"line":6,"column":4},"end":{"line":8,"column":5}},{"start":{"line":6,"column":4},"end":{"line":8,"column":5}}],"line":6},"1":{"loc":{"start":{"line":9,"column":4},"end":{"line":11,"column":5}},"type":"if","locations":[{"start":{"line":9,"column":4},"end":{"line":11,"column":5}},{"start":{"line":9,"column":4},"end":{"line":11,"column":5}}],"line":9}},"s":{"0":6,"1":3,"2":6,"3":1,"4":6,"5":1},"f":{"0":6},"b":{"0":[3,3],"1":[1,5]},"_coverageSchema":"43e27e138ebf9cfc5966b082cf9a028302ed4184","hash":"6f79345667fe35f3db08b3b9637696636f3974ee"}
}
